<?xml version="1.0" encoding="UTF-8"?>
<!-- Generated by org.testng.reporters.JUnitReportReporter -->
<testsuite hostname="V003884" failures="0" tests="1" name="webdriver.Topic_13_Part_3" time="0.989" errors="0" timestamp="19 Dec 2023 07:52:42 GMT" skipped="0">
  <testcase classname="webdriver.Topic_13_Part_3" name="TC_02_ClickAndHoldRandom" time="0.989"/>
</testsuite> <!-- webdriver.Topic_13_Part_3 -->
