<?xml version="1.0" encoding="UTF-8"?>
<!-- Generated by org.testng.reporters.JUnitReportReporter -->
<testsuite hostname="V003884" failures="0" tests="1" name="webdriver.Topic_15_Part_3" time="19.605" errors="0" timestamp="22 Dec 2023 02:03:21 GMT" skipped="0">
  <testcase classname="webdriver.Topic_15_Part_3" name="TC_02_Fixed_In_Dom" time="19.605"/>
</testsuite> <!-- webdriver.Topic_15_Part_3 -->
