<?xml version="1.0" encoding="UTF-8"?>
<!-- Generated by org.testng.reporters.JUnitReportReporter -->
<testsuite hostname="V003884" failures="0" tests="1" name="webdriver.Topic_18_Part_3" time="23.348" errors="0" timestamp="25 Dec 2023 02:57:41 GMT" skipped="0">
  <testcase classname="webdriver.Topic_18_Part_3" name="TC_01" time="23.348"/>
</testsuite> <!-- webdriver.Topic_18_Part_3 -->
