<?xml version="1.0" encoding="UTF-8"?>
<!-- Generated by org.testng.reporters.JUnitReportReporter -->
<testsuite hostname="V003884" failures="0" tests="3" name="webdriver.Topic_01_Check_Enviroment" time="0.089" errors="0" timestamp="12 Dec 2023 07:10:32 GMT" skipped="0">
  <testcase classname="webdriver.Topic_01_Check_Enviroment" name="TC_03_Form" time="0.030"/>
  <testcase classname="webdriver.Topic_01_Check_Enviroment" name="TC_02_Logo" time="0.051"/>
  <testcase classname="webdriver.Topic_01_Check_Enviroment" name="TC_01_Url" time="0.008"/>
</testsuite> <!-- webdriver.Topic_01_Check_Enviroment -->
