<?xml version="1.0" encoding="UTF-8"?>
<!-- Generated by org.testng.reporters.JUnitReportReporter -->
<testsuite hostname="V003884" failures="0" tests="1" name="webdriver.Topic_07_Part_3" time="21.769" errors="0" timestamp="14 Dec 2023 06:37:23 GMT" skipped="0">
  <testcase classname="webdriver.Topic_07_Part_3" name="TC_01_Register" time="21.769"/>
</testsuite> <!-- webdriver.Topic_07_Part_3 -->
