<?xml version="1.0" encoding="UTF-8"?>
<!-- Generated by org.testng.reporters.JUnitReportReporter -->
<testsuite hostname="V003884" failures="0" tests="1" name="webdriver.Topic_10_Part_3_01" time="7.196" errors="0" timestamp="15 Dec 2023 11:08:48 GMT" skipped="0">
  <testcase classname="webdriver.Topic_10_Part_3_01" name="TC_03" time="7.196"/>
</testsuite> <!-- webdriver.Topic_10_Part_3_01 -->
