<?xml version="1.0" encoding="UTF-8"?>
<!-- Generated by org.testng.reporters.JUnitReportReporter -->
<testsuite hostname="V003884" failures="0" tests="1" name="webdriver.Topic_26_Part_3" time="36.816" errors="0" timestamp="27 Dec 2023 07:02:08 GMT" skipped="0">
  <testcase classname="webdriver.Topic_26_Part_3" name="TC_02" time="36.816"/>
</testsuite> <!-- webdriver.Topic_26_Part_3 -->
