<?xml version="1.0" encoding="UTF-8"?>
<!-- Generated by org.testng.reporters.JUnitReportReporter -->
<testsuite hostname="V003884" failures="0" tests="1" name="webdriver.Topic_19_Part_3" time="24.965" errors="0" timestamp="25 Dec 2023 04:03:49 GMT" skipped="0">
  <testcase classname="webdriver.Topic_19_Part_3" name="TC_02_Title" time="24.965"/>
</testsuite> <!-- webdriver.Topic_19_Part_3 -->
