<?xml version="1.0" encoding="UTF-8"?>
<!-- Generated by org.testng.reporters.JUnitReportReporter -->
<testsuite hostname="V003884" failures="0" tests="1" name="webdriver.Topic_15_Part_3" time="11.942" errors="0" timestamp="21 Dec 2023 04:19:32 GMT" skipped="0">
  <testcase classname="webdriver.Topic_15_Part_3" name="TC_02" time="11.942"/>
</testsuite> <!-- webdriver.Topic_15_Part_3 -->
