<?xml version="1.0" encoding="UTF-8"?>
<!-- Generated by org.testng.reporters.JUnitReportReporter -->
<testsuite hostname="V003884" failures="0" tests="1" name="webdriver.Topic_24_Part_3" time="4.916" errors="0" timestamp="26 Dec 2023 03:29:31 GMT" skipped="0">
  <testcase classname="webdriver.Topic_24_Part_3" name="TC_02_FindElements" time="4.916"/>
</testsuite> <!-- webdriver.Topic_24_Part_3 -->
