<?xml version="1.0" encoding="UTF-8"?>
<!-- Generated by org.testng.reporters.JUnitReportReporter -->
<testsuite hostname="V003884" failures="0" tests="1" name="webdriver.Topic_14_Part_3" time="6.388" errors="0" timestamp="19 Dec 2023 09:12:16 GMT" skipped="0">
  <testcase classname="webdriver.Topic_14_Part_3" name="TC_03_Drag_and_Drop" time="6.388"/>
</testsuite> <!-- webdriver.Topic_14_Part_3 -->
