<?xml version="1.0" encoding="UTF-8"?>
<!-- Generated by org.testng.reporters.JUnitReportReporter -->
<testsuite hostname="V003884" failures="0" tests="1" name="webdriver.Topic_21_Part_3" time="14.820" errors="0" timestamp="25 Dec 2023 09:42:21 GMT" skipped="0">
  <testcase classname="webdriver.Topic_21_Part_3" name="TC_01_upload_One_File" time="14.820"/>
</testsuite> <!-- webdriver.Topic_21_Part_3 -->
