<?xml version="1.0" encoding="UTF-8"?>
<!-- Generated by org.testng.reporters.JUnitReportReporter -->
<testsuite hostname="V003884" failures="0" tests="3" name="webdriver.Topic_25_Part_3" time="18.804" errors="0" timestamp="27 Dec 2023 02:23:06 GMT" skipped="0">
  <testcase classname="webdriver.Topic_25_Part_3" name="TC_01_Not_Enough_Time" time="8.380"/>
  <testcase classname="webdriver.Topic_25_Part_3" name="TC_03_More_Time" time="5.210"/>
  <testcase classname="webdriver.Topic_25_Part_3" name="TC_02_Enough_Time" time="5.214"/>
</testsuite> <!-- webdriver.Topic_25_Part_3 -->
