<?xml version="1.0" encoding="UTF-8"?>
<!-- Generated by org.testng.reporters.JUnitReportReporter -->
<testsuite hostname="V003884" failures="0" tests="2" name="webdriver.Topic_04_Part_3_03" time="21.845" errors="0" timestamp="12 Dec 2023 07:52:45 GMT" skipped="0">
  <testcase classname="webdriver.Topic_04_Part_3_03" name="TC_05_CreateAccount" time="18.043"/>
  <testcase classname="webdriver.Topic_04_Part_3_03" name="TC_06_Login" time="3.802"/>
</testsuite> <!-- webdriver.Topic_04_Part_3_03 -->
