<?xml version="1.0" encoding="UTF-8"?>
<!-- Generated by org.testng.reporters.JUnitReportReporter -->
<testsuite hostname="V003884" failures="0" tests="1" name="webdriver.Topic_16_Part_3" time="28.454" errors="0" timestamp="22 Dec 2023 07:29:38 GMT" skipped="0">
  <testcase classname="webdriver.Topic_16_Part_3" name="TC_02_DoubleClick" time="28.454"/>
</testsuite> <!-- webdriver.Topic_16_Part_3 -->
