<?xml version="1.0" encoding="UTF-8"?>
<!-- Generated by org.testng.reporters.JUnitReportReporter -->
<testsuite hostname="V003884" failures="0" tests="4" name="webdriver.Topic_04_Part_3_02" time="33.400" errors="0" timestamp="12 Dec 2023 07:16:39 GMT" skipped="0">
  <testcase classname="webdriver.Topic_04_Part_3_02" name="TC_03_Navigate" time="12.908"/>
  <testcase classname="webdriver.Topic_04_Part_3_02" name="TC_02_Title" time="5.828"/>
  <testcase classname="webdriver.Topic_04_Part_3_02" name="TC_04_Page_Source_HTML" time="5.721"/>
  <testcase classname="webdriver.Topic_04_Part_3_02" name="TC_01_Url" time="8.943"/>
</testsuite> <!-- webdriver.Topic_04_Part_3_02 -->
