<?xml version="1.0" encoding="UTF-8"?>
<!-- Generated by org.testng.reporters.JUnitReportReporter -->
<testsuite hostname="V003884" failures="0" tests="1" name="webdriver.Topic_23_Part_3" time="3.423" errors="0" timestamp="26 Dec 2023 02:57:21 GMT" skipped="0">
  <testcase classname="webdriver.Topic_23_Part_3" name="TC_04_Staleness" time="3.423"/>
</testsuite> <!-- webdriver.Topic_23_Part_3 -->
