<?xml version="1.0" encoding="UTF-8"?>
<!-- Generated by org.testng.reporters.JUnitReportReporter -->
<testsuite hostname="V003884" failures="0" tests="1" name="webdriver.Topic_27_Part_3" time="21.957" errors="0" timestamp="27 Dec 2023 07:46:25 GMT" skipped="0">
  <testcase classname="webdriver.Topic_27_Part_3" name="TC_03_Element_Not_Found_Implicit_Explicit" time="21.957"/>
</testsuite> <!-- webdriver.Topic_27_Part_3 -->
