<?xml version="1.0" encoding="UTF-8"?>
<!-- Generated by org.testng.reporters.JUnitReportReporter -->
<testsuite hostname="V003884" failures="0" tests="1" name="webdriver.Topic_12_Part_3" time="20.185" errors="0" timestamp="19 Dec 2023 07:21:27 GMT" skipped="0">
  <testcase classname="webdriver.Topic_12_Part_3" name="TC_02_myntra" time="20.185"/>
</testsuite> <!-- webdriver.Topic_12_Part_3 -->
