<?xml version="1.0" encoding="UTF-8"?>
<!-- Generated by org.testng.reporters.JUnitReportReporter -->
<testsuite hostname="V003884" failures="0" tests="2" name="webdriver.Topic_10_Part_3" time="8.673" errors="0" timestamp="15 Dec 2023 09:54:11 GMT" skipped="0">
  <testcase classname="webdriver.Topic_10_Part_3" name="TC_02_Checkbox_Radio_Single" time="1.919"/>
  <testcase classname="webdriver.Topic_10_Part_3" name="TC_04_DefaultCheckbox" time="6.754"/>
</testsuite> <!-- webdriver.Topic_10_Part_3 -->
